c:\projects\cpp\game-engine\game engine\game engine\debug\vc141.pdb
c:\projects\cpp\game-engine\game engine\game engine\debug\vc141.idb
c:\projects\cpp\game-engine\game engine\game engine\debug\texturebase.obj
c:\projects\cpp\game-engine\game engine\game engine\debug\texture2d.obj
c:\projects\cpp\game-engine\game engine\game engine\debug\skybox.obj
c:\projects\cpp\game-engine\game engine\game engine\debug\scene.obj
c:\projects\cpp\game-engine\game engine\game engine\debug\render.obj
c:\projects\cpp\game-engine\game engine\game engine\debug\objectmanager.obj
c:\projects\cpp\game-engine\game engine\game engine\debug\object.obj
c:\projects\cpp\game-engine\game engine\game engine\debug\mesh.obj
c:\projects\cpp\game-engine\game engine\game engine\debug\materialmanager.obj
c:\projects\cpp\game-engine\game engine\game engine\debug\material.obj
c:\projects\cpp\game-engine\game engine\game engine\debug\main.obj
c:\projects\cpp\game-engine\game engine\game engine\debug\logger.obj
c:\projects\cpp\game-engine\game engine\game engine\debug\lightbase.obj
c:\projects\cpp\game-engine\game engine\game engine\debug\inputmanager.obj
c:\projects\cpp\game-engine\game engine\game engine\debug\glprogram.obj
c:\projects\cpp\game-engine\game engine\game engine\debug\gameobject.obj
c:\projects\cpp\game-engine\game engine\game engine\debug\directlight.obj
c:\projects\cpp\game-engine\game engine\game engine\debug\cubemap.obj
c:\projects\cpp\game-engine\game engine\game engine\debug\camera.obj
c:\projects\cpp\game-engine\game engine\game engine\debug\application.obj
c:\projects\cpp\game-engine\game engine\game engine\debug\window.obj
c:\projects\cpp\game-engine\game engine\game engine\debug\uitransform.obj
c:\projects\cpp\game-engine\game engine\game engine\debug\uiobject.obj
c:\projects\cpp\game-engine\game engine\game engine\debug\transform.obj
c:\projects\cpp\game-engine\game engine\debug\game engine.ilk
c:\projects\cpp\game-engine\game engine\debug\game engine.exe
c:\projects\cpp\game-engine\game engine\debug\game engine.pdb
c:\projects\cpp\game-engine\game engine\game engine\debug\game engine.tlog\cl.command.1.tlog
c:\projects\cpp\game-engine\game engine\game engine\debug\game engine.tlog\cl.read.1.tlog
c:\projects\cpp\game-engine\game engine\game engine\debug\game engine.tlog\cl.write.1.tlog
c:\projects\cpp\game-engine\game engine\game engine\debug\game engine.tlog\link.command.1.tlog
c:\projects\cpp\game-engine\game engine\game engine\debug\game engine.tlog\link.read.1.tlog
c:\projects\cpp\game-engine\game engine\game engine\debug\game engine.tlog\link.write.1.tlog
