d:\work\projects\cpp\game-engine\glutengine\glutengine\debug\vc141.pdb
d:\work\projects\cpp\game-engine\glutengine\glutengine\debug\vc141.idb
d:\work\projects\cpp\game-engine\glutengine\glutengine\debug\matrices.obj
c:\users\foricles\desktop\glutengasm\matrices.asm
d:\work\projects\cpp\game-engine\glutengine\glutengine\debug\vectors.obj
c:\users\foricles\desktop\glutengasm\vectors.asm
d:\work\projects\cpp\game-engine\glutengine\glutengine\debug\application.obj
c:\users\foricles\desktop\glutengasm\application.asm
d:\work\projects\cpp\game-engine\glutengine\glutengine\debug\glprogram.obj
c:\users\foricles\desktop\glutengasm\glprogram.asm
d:\work\projects\cpp\game-engine\glutengine\glutengine\debug\logger.obj
c:\users\foricles\desktop\glutengasm\logger.asm
d:\work\projects\cpp\game-engine\glutengine\glutengine\debug\main.obj
c:\users\foricles\desktop\glutengasm\main.asm
d:\work\projects\cpp\game-engine\glutengine\glutengine\debug\mesh.obj
c:\users\foricles\desktop\glutengasm\mesh.asm
d:\work\projects\cpp\game-engine\glutengine\glutengine\debug\meshloader.obj
c:\users\foricles\desktop\glutengasm\meshloader.asm
d:\work\projects\cpp\game-engine\glutengine\glutengine\debug\transform.obj
c:\users\foricles\desktop\glutengasm\transform.asm
d:\work\projects\cpp\game-engine\glutengine\glutengine\debug\window.obj
c:\users\foricles\desktop\glutengasm\window.asm
d:\work\projects\cpp\game-engine\glutengine\debug\glutengine.ilk
d:\work\projects\cpp\game-engine\glutengine\debug\glutengine.exe
d:\work\projects\cpp\game-engine\glutengine\debug\glutengine.pdb
d:\work\projects\cpp\game-engine\glutengine\glutengine\debug\glutengine.tlog\cl.command.1.tlog
d:\work\projects\cpp\game-engine\glutengine\glutengine\debug\glutengine.tlog\cl.read.1.tlog
d:\work\projects\cpp\game-engine\glutengine\glutengine\debug\glutengine.tlog\cl.write.1.tlog
d:\work\projects\cpp\game-engine\glutengine\glutengine\debug\glutengine.tlog\link.command.1.tlog
d:\work\projects\cpp\game-engine\glutengine\glutengine\debug\glutengine.tlog\link.read.1.tlog
d:\work\projects\cpp\game-engine\glutengine\glutengine\debug\glutengine.tlog\link.write.1.tlog
