c:\projects\cpp\game-engine\game engine\game engine\release\vc141.pdb
c:\projects\cpp\game-engine\game engine\game engine\release\texturebase.obj
c:\projects\cpp\game-engine\game engine\game engine\release\texture2d.obj
c:\projects\cpp\game-engine\game engine\game engine\release\skybox.obj
c:\projects\cpp\game-engine\game engine\game engine\release\scene.obj
c:\projects\cpp\game-engine\game engine\game engine\release\render.obj
c:\projects\cpp\game-engine\game engine\game engine\release\objectmanager.obj
c:\projects\cpp\game-engine\game engine\game engine\release\object.obj
c:\projects\cpp\game-engine\game engine\game engine\release\mesh.obj
c:\projects\cpp\game-engine\game engine\game engine\release\materialmanager.obj
c:\projects\cpp\game-engine\game engine\game engine\release\material.obj
c:\projects\cpp\game-engine\game engine\game engine\release\main.obj
c:\projects\cpp\game-engine\game engine\game engine\release\logger.obj
c:\projects\cpp\game-engine\game engine\game engine\release\lightbase.obj
c:\projects\cpp\game-engine\game engine\game engine\release\inputmanager.obj
c:\projects\cpp\game-engine\game engine\game engine\release\glprogram.obj
c:\projects\cpp\game-engine\game engine\game engine\release\gameobject.obj
c:\projects\cpp\game-engine\game engine\game engine\release\directlight.obj
c:\projects\cpp\game-engine\game engine\game engine\release\cubemap.obj
c:\projects\cpp\game-engine\game engine\game engine\release\camera.obj
c:\projects\cpp\game-engine\game engine\game engine\release\application.obj
c:\projects\cpp\game-engine\game engine\game engine\release\window.obj
c:\projects\cpp\game-engine\game engine\game engine\release\uitransform.obj
c:\projects\cpp\game-engine\game engine\game engine\release\uiobject.obj
c:\projects\cpp\game-engine\game engine\game engine\release\transform.obj
c:\projects\cpp\game-engine\game engine\game engine\release\uimanager.obj
c:\projects\cpp\game-engine\game engine\release\game engine.ipdb
c:\projects\cpp\game-engine\game engine\release\game engine.iobj
c:\projects\cpp\game-engine\game engine\release\game engine.exe
c:\projects\cpp\game-engine\game engine\release\game engine.pdb
c:\projects\cpp\game-engine\game engine\game engine\release\game engine.tlog\cl.command.1.tlog
c:\projects\cpp\game-engine\game engine\game engine\release\game engine.tlog\cl.read.1.tlog
c:\projects\cpp\game-engine\game engine\game engine\release\game engine.tlog\cl.write.1.tlog
c:\projects\cpp\game-engine\game engine\game engine\release\game engine.tlog\game engine.write.1u.tlog
c:\projects\cpp\game-engine\game engine\game engine\release\game engine.tlog\link.command.1.tlog
c:\projects\cpp\game-engine\game engine\game engine\release\game engine.tlog\link.read.1.tlog
c:\projects\cpp\game-engine\game engine\game engine\release\game engine.tlog\link.write.1.tlog
